<?xml version="1.0" encoding="UTF-8"?>
<testsuites name="ProveedorNew" time="37" tests="2" failures="0" errors="0">
   <testsuite name="ProveedorNew" tests="2" failures="0" errors="0" time="37" timestamp="2019-08-12 15:36:54" hostname="LCabrera - k2bp697.Artech.local" id="Test Suites/ProveedorNew">
      <properties>
         <property name="deviceName" value=""/>
         <property name="devicePlatform" value=""/>
         <property name="logFolder" value="C:\\Users\\lcabrera\\Katalon Studio\\test 6.1\\Reports\\ProveedorNew\\20190812_153653"/>
         <property name="logFiles" value="C:\\Users\\lcabrera\\Katalon Studio\\test 6.1\\Reports\\ProveedorNew\\20190812_153653\\execution0.log"/>
         <property name="attachments" value=""/>
         <property name="hostName" value="LCabrera - k2bp697.Artech.local"/>
         <property name="os" value="Windows 10 64bit"/>
         <property name="katalonVersion" value="6.1.4.1"/>
         <property name="browser" value="Firefox 68.0"/>
         <property name="hostAddress" value="172.16.6.153"/>
         <property name="sessionId" value="df631626-2b6e-4b68-a317-a576b0224241"/>
         <property name="seleniumVersion" value="3.7.1"/>
         <property name="proxyInformation" value="ProxyInformation{proxyOption=NO_PROXY, proxyServerType=HTTP, password=, proxyServerAddress=, proxyServerPort=0}"/>
         <property name="platform" value="Windows 10"/>
      </properties>
      <testcase name="Test Cases/Login" classname="Test Cases/Login" status="PASSED">
         <system-out><![CDATA[2019-08-12 15:36:55 - [TEST_CASE][PASSED] - Test Cases/Login: Test Cases/Login

2019-08-12 15:36:55 - [TEST_STEP][PASSED] - openBrowser(""): Browser is opened with url: ''

2019-08-12 15:36:55 - [MESSAGE][INFO] - Starting 'Firefox' driver

2019-08-12 15:36:55 - [MESSAGE][INFO] - Action delay is set to 0 seconds

2019-08-12 15:36:58 - [MESSAGE][PASSED] - Browser is opened with url: ''

2019-08-12 15:36:58 - [TEST_STEP][PASSED] - navigateToUrl(findTestData("Login/DatosLogin").getValue(3, 1)): Navigate to 'http://test3.k2b.local:8080/k2bv61-sqlserver/servlet/com.k2b.hk2blogin' successfully

2019-08-12 15:36:59 - [MESSAGE][PASSED] - Navigate to 'http://test3.k2b.local:8080/k2bv61-sqlserver/servlet/com.k2b.hk2blogin' successfully

2019-08-12 15:36:59 - [TEST_STEP][PASSED] - setText(findTestObject("LoginManual/USERNAME"), findTestData("Login/DatosLogin").getValue(1, 1)): Text 'jperez' is set on object 'Object Repository/LoginManual/USERNAME'

2019-08-12 15:36:59 - [MESSAGE][PASSED] - Text 'jperez' is set on object 'Object Repository/LoginManual/USERNAME'

2019-08-12 15:36:59 - [TEST_STEP][PASSED] - setText(findTestObject("LoginManual/PASSWORD"), findTestData("Login/DatosLogin").getValue(2, 1)): Text 'jperez' is set on object 'Object Repository/LoginManual/PASSWORD'

2019-08-12 15:36:59 - [MESSAGE][PASSED] - Text 'jperez' is set on object 'Object Repository/LoginManual/PASSWORD'

2019-08-12 15:36:59 - [TEST_STEP][PASSED] - click(findTestObject("LoginManual/LOGIN")): Object: 'Object Repository/LoginManual/LOGIN' is clicked on

2019-08-12 15:36:59 - [MESSAGE][PASSED] - Object: 'Object Repository/LoginManual/LOGIN' is clicked on

2019-08-12 15:36:59 - [TEST_STEP][PASSED] - delay(2): Delayed 2 second(s)

2019-08-12 15:37:01 - [MESSAGE][PASSED] - Delayed 2 second(s)

2019-08-12 15:37:01 - [TEST_STEP][PASSED] - click(findTestObject("Menu/clockMENU")): Object: 'Object Repository/Menu/clockMENU' is clicked on

2019-08-12 15:37:01 - [MESSAGE][PASSED] - Object: 'Object Repository/Menu/clockMENU' is clicked on]]></system-out>
         <system-err><![CDATA[]]></system-err>
      </testcase>
      <testcase name="Test Cases/ProveedorNew" classname="Test Cases/ProveedorNew" status="PASSED">
         <system-out><![CDATA[2019-08-12 15:37:01 - [TEST_CASE][PASSED] - Test Cases/ProveedorNew: Test Cases/ProveedorNew

2019-08-12 15:37:01 - [TEST_STEP][PASSED] - delay(2): Delayed 2 second(s)

2019-08-12 15:37:03 - [MESSAGE][PASSED] - Delayed 2 second(s)

2019-08-12 15:37:03 - [TEST_STEP][PASSED] - click(findTestObject("Menu/a_Configuracin")): Object: 'Object Repository/Menu/a_Configuracin' is clicked on

2019-08-12 15:37:04 - [MESSAGE][PASSED] - Object: 'Object Repository/Menu/a_Configuracin' is clicked on

2019-08-12 15:37:04 - [TEST_STEP][PASSED] - delay(2): Delayed 2 second(s)

2019-08-12 15:37:06 - [MESSAGE][PASSED] - Delayed 2 second(s)

2019-08-12 15:37:06 - [TEST_STEP][PASSED] - click(findTestObject("Nucleo/Persona/Proveedor/a_Personas")): Object: 'Object Repository/Nucleo/Persona/Proveedor/a_Personas' is clicked on

2019-08-12 15:37:06 - [MESSAGE][PASSED] - Object: 'Object Repository/Nucleo/Persona/Proveedor/a_Personas' is clicked on

2019-08-12 15:37:06 - [TEST_STEP][PASSED] - delay(2): Delayed 2 second(s)

2019-08-12 15:37:08 - [MESSAGE][PASSED] - Delayed 2 second(s)

2019-08-12 15:37:08 - [TEST_STEP][PASSED] - click(findTestObject("Nucleo/Persona/Proveedor/a_Proveedores")): Object: 'Object Repository/Nucleo/Persona/Proveedor/a_Proveedores' is clicked on

2019-08-12 15:37:08 - [MESSAGE][PASSED] - Object: 'Object Repository/Nucleo/Persona/Proveedor/a_Proveedores' is clicked on

2019-08-12 15:37:08 - [TEST_STEP][PASSED] - delay(2): Delayed 2 second(s)

2019-08-12 15:37:10 - [MESSAGE][PASSED] - Delayed 2 second(s)

2019-08-12 15:37:10 - [TEST_STEP][PASSED] - click(findTestObject("Nucleo/Persona/Proveedor/AgregarProveedor")): Object: 'Object Repository/Nucleo/Persona/Proveedor/AgregarProveedor' is clicked on

2019-08-12 15:37:10 - [MESSAGE][PASSED] - Object: 'Object Repository/Nucleo/Persona/Proveedor/AgregarProveedor' is clicked on

2019-08-12 15:37:10 - [TEST_STEP][PASSED] - delay(2): Delayed 2 second(s)

2019-08-12 15:37:12 - [MESSAGE][PASSED] - Delayed 2 second(s)

2019-08-12 15:37:12 - [TEST_STEP][PASSED] - setText(findTestObject("Nucleo/Persona/Proveedor/PROVEEDORCODIGO"), Codigo): Text 'PruebKat' is set on object 'Object Repository/Nucleo/Persona/Proveedor/PROVEEDORCODIGO'

2019-08-12 15:37:13 - [MESSAGE][PASSED] - Text 'PruebKat' is set on object 'Object Repository/Nucleo/Persona/Proveedor/PROVEEDORCODIGO'

2019-08-12 15:37:13 - [TEST_STEP][PASSED] - delay(2): Delayed 2 second(s)

2019-08-12 15:37:15 - [MESSAGE][PASSED] - Delayed 2 second(s)

2019-08-12 15:37:15 - [TEST_STEP][PASSED] - setText(findTestObject("Nucleo/Persona/Proveedor/PERSONAJURIDICANOMBRECOMERCIAL"), NombreComercial): Text 'Prueba katalon' is set on object 'Object Repository/Nucleo/Persona/Proveedor/PERSONAJURIDICANOMBRECOMERCIAL'

2019-08-12 15:37:15 - [MESSAGE][PASSED] - Text 'Prueba katalon' is set on object 'Object Repository/Nucleo/Persona/Proveedor/PERSONAJURIDICANOMBRECOMERCIAL'

2019-08-12 15:37:15 - [TEST_STEP][PASSED] - delay(2): Delayed 2 second(s)

2019-08-12 15:37:17 - [MESSAGE][PASSED] - Delayed 2 second(s)

2019-08-12 15:37:17 - [TEST_STEP][PASSED] - setText(findTestObject("Nucleo/Persona/Proveedor/PERSONAJURIDICANOMBRELEGAL"), NombreLegal): Text 'Prueba katalon' is set on object 'Object Repository/Nucleo/Persona/Proveedor/PERSONAJURIDICANOMBRELEGAL'

2019-08-12 15:37:17 - [MESSAGE][PASSED] - Text 'Prueba katalon' is set on object 'Object Repository/Nucleo/Persona/Proveedor/PERSONAJURIDICANOMBRELEGAL'

2019-08-12 15:37:17 - [TEST_STEP][PASSED] - delay(2): Delayed 2 second(s)

2019-08-12 15:37:19 - [MESSAGE][PASSED] - Delayed 2 second(s)

2019-08-12 15:37:19 - [TEST_STEP][PASSED] - setText(findTestObject("Nucleo/Persona/Proveedor/PERSONAJURIDICADOCUMENTO"), Documento): Text '466656440123' is set on object 'Object Repository/Nucleo/Persona/Proveedor/PERSONAJURIDICADOCUMENTO'

2019-08-12 15:37:19 - [MESSAGE][PASSED] - Text '466656440123' is set on object 'Object Repository/Nucleo/Persona/Proveedor/PERSONAJURIDICADOCUMENTO'

2019-08-12 15:37:19 - [TEST_STEP][PASSED] - delay(2): Delayed 2 second(s)

2019-08-12 15:37:21 - [MESSAGE][PASSED] - Delayed 2 second(s)

2019-08-12 15:37:21 - [TEST_STEP][PASSED] - selectOptionByValue(findTestObject("Nucleo/Persona/Proveedor/SelectPais"), Pais, false): All options with value 'UY' are selected in object 'Object Repository/Nucleo/Persona/Proveedor/SelectPais' 

2019-08-12 15:37:21 - [MESSAGE][PASSED] - All options with value 'UY' are selected in object 'Object Repository/Nucleo/Persona/Proveedor/SelectPais' 

2019-08-12 15:37:21 - [TEST_STEP][PASSED] - delay(2): Delayed 2 second(s)

2019-08-12 15:37:23 - [MESSAGE][PASSED] - Delayed 2 second(s)

2019-08-12 15:37:23 - [TEST_STEP][PASSED] - selectOptionByValue(findTestObject("Nucleo/Persona/Proveedor/selectTIPO PROVEEDOR"), Tproveedor, false): All options with value '001' are selected in object 'Object Repository/Nucleo/Persona/Proveedor/selectTIPO PROVEEDOR' 

2019-08-12 15:37:23 - [MESSAGE][PASSED] - All options with value '001' are selected in object 'Object Repository/Nucleo/Persona/Proveedor/selectTIPO PROVEEDOR' 

2019-08-12 15:37:23 - [TEST_STEP][PASSED] - delay(2): Delayed 2 second(s)

2019-08-12 15:37:25 - [MESSAGE][PASSED] - Delayed 2 second(s)

2019-08-12 15:37:25 - [TEST_STEP][PASSED] - selectOptionByValue(findTestObject("Nucleo/Persona/Proveedor/selectRUT"), Tdocumento, false): All options with value 'RUC' are selected in object 'Object Repository/Nucleo/Persona/Proveedor/selectRUT' 

2019-08-12 15:37:25 - [MESSAGE][PASSED] - All options with value 'RUC' are selected in object 'Object Repository/Nucleo/Persona/Proveedor/selectRUT' 

2019-08-12 15:37:25 - [TEST_STEP][PASSED] - delay(2): Delayed 2 second(s)

2019-08-12 15:37:27 - [MESSAGE][PASSED] - Delayed 2 second(s)

2019-08-12 15:37:27 - [TEST_STEP][PASSED] - click(findTestObject("Nucleo/Persona/Proveedor/input_Persona Juridica Observaciones_W0049W0048ENTER")): Object: 'Object Repository/Nucleo/Persona/Proveedor/input_Persona Juridica Observaciones_W0049W0048ENTER' is clicked on

2019-08-12 15:37:27 - [MESSAGE][PASSED] - Object: 'Object Repository/Nucleo/Persona/Proveedor/input_Persona Juridica Observaciones_W0049W0048ENTER' is clicked on

2019-08-12 15:37:27 - [TEST_STEP][PASSED] - delay(2): Delayed 2 second(s)

2019-08-12 15:37:29 - [MESSAGE][PASSED] - Delayed 2 second(s)

2019-08-12 15:37:29 - [TEST_STEP][PASSED] - verifyTextPresent("El proveedor Prueba katalon fue agregado", false): Text 'El proveedor Prueba katalon fue agregado' is present on page 

2019-08-12 15:37:32 - [MESSAGE][PASSED] - Text 'El proveedor Prueba katalon fue agregado' is present on page]]></system-out>
         <system-err><![CDATA[]]></system-err>
      </testcase>
      <system-out><![CDATA[2019-08-12 15:36:54 - [TEST_SUITE][PASSED] - ProveedorNew: Test Cases/ProveedorNew]]></system-out>
      <system-err><![CDATA[]]></system-err>
   </testsuite>
</testsuites>
