<?xml version="1.0" encoding="UTF-8"?>
<testsuites name="ProveedorCrear" time="21" tests="2" failures="0" errors="0">
   <testsuite name="ProveedorCrear" tests="2" failures="0" errors="0" time="21" timestamp="2019-08-13 13:01:53" hostname="LCabrera - k2bp697.Artech.local" id="Test Suites/Nucleo/Persona/Proveedor/ProveedorCrear">
      <properties>
         <property name="deviceName" value=""/>
         <property name="devicePlatform" value=""/>
         <property name="logFolder" value="C:\\Users\\lcabrera\\Katalon Studio\\test 6.1\\Reports\\Nucleo\\Persona\\Proveedor\\ProveedorCrear\\20190813_130152"/>
         <property name="logFiles" value="C:\\Users\\lcabrera\\Katalon Studio\\test 6.1\\Reports\\Nucleo\\Persona\\Proveedor\\ProveedorCrear\\20190813_130152\\execution0.log"/>
         <property name="attachments" value=""/>
         <property name="hostName" value="LCabrera - k2bp697.Artech.local"/>
         <property name="os" value="Windows 10 64bit"/>
         <property name="katalonVersion" value="6.1.4.1"/>
         <property name="browser" value="Firefox 68.0"/>
         <property name="hostAddress" value="172.16.6.153"/>
         <property name="sessionId" value="a1241b1d-c368-4450-a4ac-cdb9e173ba47"/>
         <property name="seleniumVersion" value="3.7.1"/>
         <property name="proxyInformation" value="ProxyInformation{proxyOption=NO_PROXY, proxyServerType=HTTP, password=, proxyServerAddress=, proxyServerPort=0}"/>
         <property name="platform" value="Windows 10"/>
      </properties>
      <testcase name="Test Cases/Login" classname="Test Cases/Login" status="PASSED">
         <system-out><![CDATA[2019-08-13 13:01:54 - [TEST_CASE][PASSED] - Test Cases/Login: Test Cases/Login

2019-08-13 13:01:54 - [TEST_STEP][PASSED] - openBrowser(""): Browser is opened with url: ''

2019-08-13 13:01:54 - [MESSAGE][INFO] - Starting 'Firefox' driver

2019-08-13 13:01:55 - [MESSAGE][INFO] - Action delay is set to 0 seconds

2019-08-13 13:01:59 - [MESSAGE][PASSED] - Browser is opened with url: ''

2019-08-13 13:01:59 - [TEST_STEP][PASSED] - navigateToUrl(findTestData("Login/DatosLogin").getValue(3, 1)): Navigate to 'http://test3.k2b.local:8080/k2bv61-sqlserver/servlet/com.k2b.hk2blogin' successfully

2019-08-13 13:02:01 - [MESSAGE][PASSED] - Navigate to 'http://test3.k2b.local:8080/k2bv61-sqlserver/servlet/com.k2b.hk2blogin' successfully

2019-08-13 13:02:01 - [TEST_STEP][PASSED] - setText(findTestObject("LoginManual/USERNAME"), findTestData("Login/DatosLogin").getValue(1, 1)): Text 'jperez' is set on object 'Object Repository/LoginManual/USERNAME'

2019-08-13 13:02:01 - [MESSAGE][PASSED] - Text 'jperez' is set on object 'Object Repository/LoginManual/USERNAME'

2019-08-13 13:02:01 - [TEST_STEP][PASSED] - setText(findTestObject("LoginManual/PASSWORD"), findTestData("Login/DatosLogin").getValue(2, 1)): Text 'jperez' is set on object 'Object Repository/LoginManual/PASSWORD'

2019-08-13 13:02:01 - [MESSAGE][PASSED] - Text 'jperez' is set on object 'Object Repository/LoginManual/PASSWORD'

2019-08-13 13:02:01 - [TEST_STEP][PASSED] - click(findTestObject("LoginManual/LOGIN")): Object: 'Object Repository/LoginManual/LOGIN' is clicked on

2019-08-13 13:02:01 - [MESSAGE][PASSED] - Object: 'Object Repository/LoginManual/LOGIN' is clicked on

2019-08-13 13:02:01 - [TEST_STEP][PASSED] - delay(2): Delayed 2 second(s)

2019-08-13 13:02:03 - [MESSAGE][PASSED] - Delayed 2 second(s)

2019-08-13 13:02:03 - [TEST_STEP][PASSED] - click(findTestObject("Menu/clockMENU")): Object: 'Object Repository/Menu/clockMENU' is clicked on

2019-08-13 13:02:03 - [MESSAGE][PASSED] - Object: 'Object Repository/Menu/clockMENU' is clicked on]]></system-out>
         <system-err><![CDATA[]]></system-err>
      </testcase>
      <testcase name="Test Cases/Nucleo/Persona/Proveedor/ProveedorCrear" classname="Test Cases/Nucleo/Persona/Proveedor/ProveedorCrear" status="PASSED">
         <system-out><![CDATA[2019-08-13 13:02:03 - [TEST_CASE][PASSED] - Test Cases/Nucleo/Persona/Proveedor/ProveedorCrear: Test Cases/Nucleo/Persona/Proveedor/ProveedorCrear

2019-08-13 13:02:04 - [TEST_STEP][PASSED] - delay(2): Delayed 2 second(s)

2019-08-13 13:02:06 - [MESSAGE][PASSED] - Delayed 2 second(s)

2019-08-13 13:02:06 - [TEST_STEP][PASSED] - click(findTestObject("Menu/a_Configuracin")): Object: 'Object Repository/Menu/a_Configuracin' is clicked on

2019-08-13 13:02:06 - [MESSAGE][PASSED] - Object: 'Object Repository/Menu/a_Configuracin' is clicked on

2019-08-13 13:02:06 - [TEST_STEP][PASSED] - delay(2): Delayed 2 second(s)

2019-08-13 13:02:08 - [MESSAGE][PASSED] - Delayed 2 second(s)

2019-08-13 13:02:08 - [TEST_STEP][PASSED] - click(findTestObject("Nucleo/Persona/Proveedor/a_Personas")): Object: 'Object Repository/Nucleo/Persona/Proveedor/a_Personas' is clicked on

2019-08-13 13:02:08 - [MESSAGE][PASSED] - Object: 'Object Repository/Nucleo/Persona/Proveedor/a_Personas' is clicked on

2019-08-13 13:02:08 - [TEST_STEP][PASSED] - delay(2): Delayed 2 second(s)

2019-08-13 13:02:10 - [MESSAGE][PASSED] - Delayed 2 second(s)

2019-08-13 13:02:10 - [TEST_STEP][PASSED] - click(findTestObject("Nucleo/Persona/Proveedor/a_Proveedores")): Object: 'Object Repository/Nucleo/Persona/Proveedor/a_Proveedores' is clicked on

2019-08-13 13:02:10 - [MESSAGE][PASSED] - Object: 'Object Repository/Nucleo/Persona/Proveedor/a_Proveedores' is clicked on

2019-08-13 13:02:10 - [TEST_STEP][PASSED] - delay(2): Delayed 2 second(s)

2019-08-13 13:02:12 - [MESSAGE][PASSED] - Delayed 2 second(s)

2019-08-13 13:02:12 - [TEST_STEP][PASSED] - click(findTestObject("Nucleo/Persona/Proveedor/BuscarProveedor")): Object: 'Object Repository/Nucleo/Persona/Proveedor/BuscarProveedor' is clicked on

2019-08-13 13:02:13 - [MESSAGE][PASSED] - Object: 'Object Repository/Nucleo/Persona/Proveedor/BuscarProveedor' is clicked on

2019-08-13 13:02:13 - [TEST_STEP][PASSED] - setText(findTestObject("Nucleo/Persona/Proveedor/BuscarProveedor"), NombreComercial): Text 'Prueba katalon' is set on object 'Object Repository/Nucleo/Persona/Proveedor/BuscarProveedor'

2019-08-13 13:02:13 - [MESSAGE][PASSED] - Text 'Prueba katalon' is set on object 'Object Repository/Nucleo/Persona/Proveedor/BuscarProveedor'

2019-08-13 13:02:13 - [TEST_STEP][PASSED] - delay(2): Delayed 2 second(s)

2019-08-13 13:02:15 - [MESSAGE][PASSED] - Delayed 2 second(s)

2019-08-13 13:02:15 - [TEST_STEP][PASSED] - if (NombreComercial): null

2019-08-13 13:02:15 - [TEST_STEP][NOT_RUN] - click(findTestObject("Nucleo/Persona/Proveedor/PrimerObjetodelWW")): NOT_RUN: click(findTestObject("Nucleo/Persona/Proveedor/PrimerObjetodelWW"))

2019-08-13 13:02:15 - [MESSAGE][NOT_RUN] - NOT_RUN: click(findTestObject("Nucleo/Persona/Proveedor/PrimerObjetodelWW"))

2019-08-13 13:02:15 - [TEST_STEP][NOT_RUN] - acceptAlert(): NOT_RUN: acceptAlert()

2019-08-13 13:02:15 - [MESSAGE][NOT_RUN] - NOT_RUN: acceptAlert()

2019-08-13 13:02:15 - [TEST_STEP][NOT_RUN] - click(findTestObject("Nucleo/Persona/Proveedor/AgregarProveedor")): NOT_RUN: click(findTestObject("Nucleo/Persona/Proveedor/AgregarProveedor"))

2019-08-13 13:02:15 - [MESSAGE][NOT_RUN] - NOT_RUN: click(findTestObject("Nucleo/Persona/Proveedor/AgregarProveedor"))

2019-08-13 13:02:15 - [TEST_STEP][NOT_RUN] - delay(2): NOT_RUN: delay(2)

2019-08-13 13:02:15 - [MESSAGE][NOT_RUN] - NOT_RUN: delay(2)

2019-08-13 13:02:15 - [TEST_STEP][NOT_RUN] - setText(findTestObject("Nucleo/Persona/Proveedor/PROVEEDORCODIGO"), Codigo): NOT_RUN: setText(findTestObject("Nucleo/Persona/Proveedor/PROVEEDORCODIGO"), Codigo)

2019-08-13 13:02:15 - [MESSAGE][NOT_RUN] - NOT_RUN: setText(findTestObject("Nucleo/Persona/Proveedor/PROVEEDORCODIGO"), Codigo)

2019-08-13 13:02:15 - [TEST_STEP][NOT_RUN] - delay(2): NOT_RUN: delay(2)

2019-08-13 13:02:15 - [MESSAGE][NOT_RUN] - NOT_RUN: delay(2)

2019-08-13 13:02:15 - [TEST_STEP][NOT_RUN] - setText(findTestObject("Nucleo/Persona/Proveedor/PERSONAJURIDICANOMBRECOMERCIAL"), NombreComercial): NOT_RUN: setText(findTestObject("Nucleo/Persona/Proveedor/PERSONAJURIDICANOMBRECOMERCIAL"), NombreComercial)

2019-08-13 13:02:15 - [MESSAGE][NOT_RUN] - NOT_RUN: setText(findTestObject("Nucleo/Persona/Proveedor/PERSONAJURIDICANOMBRECOMERCIAL"), NombreComercial)

2019-08-13 13:02:15 - [TEST_STEP][NOT_RUN] - delay(2): NOT_RUN: delay(2)

2019-08-13 13:02:15 - [MESSAGE][NOT_RUN] - NOT_RUN: delay(2)

2019-08-13 13:02:15 - [TEST_STEP][NOT_RUN] - setText(findTestObject("Nucleo/Persona/Proveedor/PERSONAJURIDICANOMBRELEGAL"), NombreLegal): NOT_RUN: setText(findTestObject("Nucleo/Persona/Proveedor/PERSONAJURIDICANOMBRELEGAL"), NombreLegal)

2019-08-13 13:02:15 - [MESSAGE][NOT_RUN] - NOT_RUN: setText(findTestObject("Nucleo/Persona/Proveedor/PERSONAJURIDICANOMBRELEGAL"), NombreLegal)

2019-08-13 13:02:15 - [TEST_STEP][NOT_RUN] - delay(2): NOT_RUN: delay(2)

2019-08-13 13:02:15 - [MESSAGE][NOT_RUN] - NOT_RUN: delay(2)

2019-08-13 13:02:15 - [TEST_STEP][NOT_RUN] - setText(findTestObject("Nucleo/Persona/Proveedor/PERSONAJURIDICADOCUMENTO"), Documento): NOT_RUN: setText(findTestObject("Nucleo/Persona/Proveedor/PERSONAJURIDICADOCUMENTO"), Documento)

2019-08-13 13:02:15 - [MESSAGE][NOT_RUN] - NOT_RUN: setText(findTestObject("Nucleo/Persona/Proveedor/PERSONAJURIDICADOCUMENTO"), Documento)

2019-08-13 13:02:15 - [TEST_STEP][NOT_RUN] - delay(2): NOT_RUN: delay(2)

2019-08-13 13:02:15 - [MESSAGE][NOT_RUN] - NOT_RUN: delay(2)

2019-08-13 13:02:15 - [TEST_STEP][NOT_RUN] - selectOptionByValue(findTestObject("Nucleo/Persona/Proveedor/SelectPais"), Pais, false): NOT_RUN: selectOptionByValue(findTestObject("Nucleo/Persona/Proveedor/SelectPais"), Pais, false)

2019-08-13 13:02:15 - [MESSAGE][NOT_RUN] - NOT_RUN: selectOptionByValue(findTestObject("Nucleo/Persona/Proveedor/SelectPais"), Pais, false)

2019-08-13 13:02:15 - [TEST_STEP][NOT_RUN] - delay(2): NOT_RUN: delay(2)

2019-08-13 13:02:15 - [MESSAGE][NOT_RUN] - NOT_RUN: delay(2)

2019-08-13 13:02:15 - [TEST_STEP][NOT_RUN] - selectOptionByValue(findTestObject("Nucleo/Persona/Proveedor/selectTIPO PROVEEDOR"), Tproveedor, false): NOT_RUN: selectOptionByValue(findTestObject("Nucleo/Persona/Proveedor/selectTIPO PROVEEDOR"), Tproveedor, false)

2019-08-13 13:02:15 - [MESSAGE][NOT_RUN] - NOT_RUN: selectOptionByValue(findTestObject("Nucleo/Persona/Proveedor/selectTIPO PROVEEDOR"), Tproveedor, false)

2019-08-13 13:02:15 - [TEST_STEP][NOT_RUN] - delay(2): NOT_RUN: delay(2)

2019-08-13 13:02:15 - [MESSAGE][NOT_RUN] - NOT_RUN: delay(2)

2019-08-13 13:02:15 - [TEST_STEP][NOT_RUN] - selectOptionByValue(findTestObject("Nucleo/Persona/Proveedor/selectRUT"), Tdocumento, false): NOT_RUN: selectOptionByValue(findTestObject("Nucleo/Persona/Proveedor/selectRUT"), Tdocumento, false)

2019-08-13 13:02:15 - [MESSAGE][NOT_RUN] - NOT_RUN: selectOptionByValue(findTestObject("Nucleo/Persona/Proveedor/selectRUT"), Tdocumento, false)

2019-08-13 13:02:15 - [TEST_STEP][NOT_RUN] - delay(2): NOT_RUN: delay(2)

2019-08-13 13:02:15 - [MESSAGE][NOT_RUN] - NOT_RUN: delay(2)

2019-08-13 13:02:15 - [TEST_STEP][NOT_RUN] - click(findTestObject("Nucleo/Persona/Proveedor/input_Persona Juridica Observaciones_W0049W0048ENTER")): NOT_RUN: click(findTestObject("Nucleo/Persona/Proveedor/input_Persona Juridica Observaciones_W0049W0048ENTER"))

2019-08-13 13:02:15 - [MESSAGE][NOT_RUN] - NOT_RUN: click(findTestObject("Nucleo/Persona/Proveedor/input_Persona Juridica Observaciones_W0049W0048ENTER"))

2019-08-13 13:02:15 - [TEST_STEP][NOT_RUN] - delay(2): NOT_RUN: delay(2)

2019-08-13 13:02:15 - [MESSAGE][NOT_RUN] - NOT_RUN: delay(2)

2019-08-13 13:02:15 - [TEST_STEP][NOT_RUN] - verifyTextPresent("El proveedor Prueba katalon fue agregado", false): NOT_RUN: verifyTextPresent("El proveedor Prueba katalon fue agregado", false)

2019-08-13 13:02:15 - [MESSAGE][NOT_RUN] - NOT_RUN: verifyTextPresent("El proveedor Prueba katalon fue agregado", false)]]></system-out>
         <system-err><![CDATA[]]></system-err>
      </testcase>
      <system-out><![CDATA[2019-08-13 13:01:53 - [TEST_SUITE][PASSED] - ProveedorCrear: Test Cases/Nucleo/Persona/Proveedor/ProveedorCrear]]></system-out>
      <system-err><![CDATA[]]></system-err>
   </testsuite>
</testsuites>
