<?xml version="1.0" encoding="UTF-8"?>
<testsuites name="Login" time="7" tests="1" failures="0" errors="0">
   <testsuite name="Login" tests="1" failures="0" errors="0" time="7" timestamp="2019-08-08 12:34:23" hostname="LCabrera - k2bp697.Artech.local" id="Test Suites/Login">
      <properties>
         <property name="deviceName" value=""/>
         <property name="devicePlatform" value=""/>
         <property name="logFolder" value="C:\\Users\\lcabrera\\Katalon Studio\\test 6.1\\Reports\\Login\\20190808_123422"/>
         <property name="logFiles" value="C:\\Users\\lcabrera\\Katalon Studio\\test 6.1\\Reports\\Login\\20190808_123422\\execution0.log"/>
         <property name="attachments" value=""/>
         <property name="hostName" value="LCabrera - k2bp697.Artech.local"/>
         <property name="os" value="Windows 10 64bit"/>
         <property name="katalonVersion" value="6.1.4.1"/>
         <property name="browser" value="Firefox 68.0"/>
         <property name="hostAddress" value="172.16.6.153"/>
         <property name="sessionId" value="791112e4-d95d-4757-aa6a-c27d58cd4f5d"/>
         <property name="seleniumVersion" value="3.7.1"/>
         <property name="proxyInformation" value="ProxyInformation{proxyOption=NO_PROXY, proxyServerType=HTTP, password=, proxyServerAddress=, proxyServerPort=0}"/>
         <property name="platform" value="Windows 10"/>
      </properties>
      <testcase name="Test Cases/Login" classname="Test Cases/Login" status="PASSED">
         <system-out><![CDATA[2019-08-08 12:34:23 - [TEST_CASE][PASSED] - Test Cases/Login: Test Cases/Login

2019-08-08 12:34:23 - [TEST_STEP][PASSED] - openBrowser(""): Browser is opened with url: ''

2019-08-08 12:34:24 - [MESSAGE][INFO] - Starting 'Firefox' driver

2019-08-08 12:34:24 - [MESSAGE][INFO] - Action delay is set to 0 seconds

2019-08-08 12:34:26 - [MESSAGE][PASSED] - Browser is opened with url: ''

2019-08-08 12:34:26 - [TEST_STEP][PASSED] - navigateToUrl(VarUrl): Navigate to 'http://test3.k2b.local:8080/k2bv61-sqlserver/servlet/com.k2b.hk2blogin' successfully

2019-08-08 12:34:27 - [MESSAGE][PASSED] - Navigate to 'http://test3.k2b.local:8080/k2bv61-sqlserver/servlet/com.k2b.hk2blogin' successfully

2019-08-08 12:34:27 - [TEST_STEP][PASSED] - setText(findTestObject("LoginManual/USERNAME"), username): Text 'jperez' is set on object 'Object Repository/LoginManual/USERNAME'

2019-08-08 12:34:27 - [MESSAGE][PASSED] - Text 'jperez' is set on object 'Object Repository/LoginManual/USERNAME'

2019-08-08 12:34:27 - [TEST_STEP][PASSED] - setText(findTestObject("LoginManual/PASSWORD"), password): Text 'jperez' is set on object 'Object Repository/LoginManual/PASSWORD'

2019-08-08 12:34:27 - [MESSAGE][PASSED] - Text 'jperez' is set on object 'Object Repository/LoginManual/PASSWORD'

2019-08-08 12:34:27 - [TEST_STEP][PASSED] - click(findTestObject("LoginManual/LOGIN")): Object: 'Object Repository/LoginManual/LOGIN' is clicked on

2019-08-08 12:34:27 - [MESSAGE][PASSED] - Object: 'Object Repository/LoginManual/LOGIN' is clicked on

2019-08-08 12:34:27 - [TEST_STEP][PASSED] - delay(2): Delayed 2 second(s)

2019-08-08 12:34:29 - [MESSAGE][PASSED] - Delayed 2 second(s)

2019-08-08 12:34:29 - [TEST_STEP][PASSED] - click(findTestObject("Menu/clockMENU")): Object: 'Object Repository/Menu/clockMENU' is clicked on

2019-08-08 12:34:29 - [MESSAGE][PASSED] - Object: 'Object Repository/Menu/clockMENU' is clicked on]]></system-out>
         <system-err><![CDATA[]]></system-err>
      </testcase>
      <system-out><![CDATA[2019-08-08 12:34:23 - [TEST_SUITE][PASSED] - Login: Test Cases/Login]]></system-out>
      <system-err><![CDATA[]]></system-err>
   </testsuite>
</testsuites>
