<?xml version="1.0" encoding="UTF-8"?>
<testsuites name="OrdenFondos-Ingresar" time="29" tests="2" failures="0" errors="0">
   <testsuite name="OrdenFondos-Ingresar" tests="2" failures="0" errors="0" time="29" timestamp="2019-08-19 09:58:16" hostname="LCabrera - k2bp697.Artech.local" id="Test Suites/Tesoreria/OrdenFondos-Ingresar">
      <properties>
         <property name="deviceName" value=""/>
         <property name="devicePlatform" value=""/>
         <property name="logFolder" value="C:\\Users\\lcabrera\\Katalon Studio\\test 6.1\\Reports\\Tesoreria\\OrdenFondos-Ingresar\\20190819_095815"/>
         <property name="logFiles" value="C:\\Users\\lcabrera\\Katalon Studio\\test 6.1\\Reports\\Tesoreria\\OrdenFondos-Ingresar\\20190819_095815\\execution0.log"/>
         <property name="attachments" value=""/>
         <property name="hostName" value="LCabrera - k2bp697.Artech.local"/>
         <property name="os" value="Windows 10 64bit"/>
         <property name="katalonVersion" value="6.1.4.1"/>
         <property name="browser" value="Firefox 68.0"/>
         <property name="hostAddress" value="172.16.6.153"/>
         <property name="sessionId" value="59168810-f508-4c2a-9e86-bc08bcd4861e"/>
         <property name="seleniumVersion" value="3.7.1"/>
         <property name="proxyInformation" value="ProxyInformation{proxyOption=NO_PROXY, proxyServerType=HTTP, password=, proxyServerAddress=, proxyServerPort=0}"/>
         <property name="platform" value="Windows 10"/>
      </properties>
      <testcase name="Test Cases/Login" classname="Test Cases/Login" status="PASSED">
         <system-out><![CDATA[2019-08-19 09:58:16 - [TEST_CASE][PASSED] - Test Cases/Login: Test Cases/Login

2019-08-19 09:58:17 - [TEST_STEP][PASSED] - openBrowser(""): Browser is opened with url: ''

2019-08-19 09:58:17 - [MESSAGE][INFO] - Starting 'Firefox' driver

2019-08-19 09:58:17 - [MESSAGE][INFO] - Action delay is set to 0 seconds

2019-08-19 09:58:19 - [MESSAGE][PASSED] - Browser is opened with url: ''

2019-08-19 09:58:19 - [TEST_STEP][PASSED] - navigateToUrl(findTestData("Login/DatosLogin").getValue(3, 1)): Navigate to 'http://test3.k2b.local:8080/k2bv61-sqlserver/servlet/com.k2b.hk2blogin' successfully

2019-08-19 09:58:21 - [MESSAGE][PASSED] - Navigate to 'http://test3.k2b.local:8080/k2bv61-sqlserver/servlet/com.k2b.hk2blogin' successfully

2019-08-19 09:58:21 - [TEST_STEP][PASSED] - setText(findTestObject("LoginManual/USERNAME"), findTestData("Login/DatosLogin").getValue(1, 1)): Text 'jperez' is set on object 'Object Repository/LoginManual/USERNAME'

2019-08-19 09:58:21 - [MESSAGE][PASSED] - Text 'jperez' is set on object 'Object Repository/LoginManual/USERNAME'

2019-08-19 09:58:21 - [TEST_STEP][PASSED] - setText(findTestObject("LoginManual/PASSWORD"), findTestData("Login/DatosLogin").getValue(2, 1)): Text 'jperez' is set on object 'Object Repository/LoginManual/PASSWORD'

2019-08-19 09:58:21 - [MESSAGE][PASSED] - Text 'jperez' is set on object 'Object Repository/LoginManual/PASSWORD'

2019-08-19 09:58:21 - [TEST_STEP][PASSED] - click(findTestObject("LoginManual/LOGIN")): Object: 'Object Repository/LoginManual/LOGIN' is clicked on

2019-08-19 09:58:21 - [MESSAGE][PASSED] - Object: 'Object Repository/LoginManual/LOGIN' is clicked on

2019-08-19 09:58:21 - [TEST_STEP][PASSED] - delay(2): Delayed 2 second(s)

2019-08-19 09:58:23 - [MESSAGE][PASSED] - Delayed 2 second(s)

2019-08-19 09:58:23 - [TEST_STEP][PASSED] - click(findTestObject("Menu/clockMENU")): Object: 'Object Repository/Menu/clockMENU' is clicked on

2019-08-19 09:58:23 - [MESSAGE][PASSED] - Object: 'Object Repository/Menu/clockMENU' is clicked on]]></system-out>
         <system-err><![CDATA[]]></system-err>
      </testcase>
      <testcase name="Test Cases/Tesoreria/OredenFondos - Ingresar" classname="Test Cases/Tesoreria/OredenFondos - Ingresar" status="PASSED">
         <system-out><![CDATA[2019-08-19 09:58:23 - [TEST_CASE][PASSED] - Test Cases/Tesoreria/OredenFondos - Ingresar: Test Cases/Tesoreria/OredenFondos - Ingresar

2019-08-19 09:58:24 - [TEST_STEP][PASSED] - delay(2): Delayed 2 second(s)

2019-08-19 09:58:26 - [MESSAGE][PASSED] - Delayed 2 second(s)

2019-08-19 09:58:26 - [TEST_STEP][PASSED] - click(findTestObject("Menu/a_Tesoreria")): Object: 'Object Repository/Menu/a_Tesoreria' is clicked on

2019-08-19 09:58:26 - [MESSAGE][PASSED] - Object: 'Object Repository/Menu/a_Tesoreria' is clicked on

2019-08-19 09:58:26 - [TEST_STEP][PASSED] - delay(2): Delayed 2 second(s)

2019-08-19 09:58:28 - [MESSAGE][PASSED] - Delayed 2 second(s)

2019-08-19 09:58:28 - [TEST_STEP][PASSED] - click(findTestObject("Tesoreria/Orden Fondos/a_Pago Cobro")): Object: 'Object Repository/Tesoreria/Orden Fondos/a_Pago Cobro' is clicked on

2019-08-19 09:58:28 - [MESSAGE][PASSED] - Object: 'Object Repository/Tesoreria/Orden Fondos/a_Pago Cobro' is clicked on

2019-08-19 09:58:28 - [TEST_STEP][PASSED] - waitForPageLoad(10): Wait for page load successfully

2019-08-19 09:58:28 - [MESSAGE][PASSED] - Wait for page load successfully

2019-08-19 09:58:28 - [TEST_STEP][PASSED] - click(findTestObject("Tesoreria/Orden Fondos/a_rdenes")): Object: 'Object Repository/Tesoreria/Orden Fondos/a_rdenes' is clicked on

2019-08-19 09:58:28 - [MESSAGE][PASSED] - Object: 'Object Repository/Tesoreria/Orden Fondos/a_rdenes' is clicked on

2019-08-19 09:58:28 - [TEST_STEP][PASSED] - delay(2): Delayed 2 second(s)

2019-08-19 09:58:30 - [MESSAGE][PASSED] - Delayed 2 second(s)

2019-08-19 09:58:30 - [TEST_STEP][PASSED] - click(findTestObject("Tesoreria/Orden Fondos/nueva orden")): Object: 'Object Repository/Tesoreria/Orden Fondos/nueva orden' is clicked on

2019-08-19 09:58:31 - [MESSAGE][PASSED] - Object: 'Object Repository/Tesoreria/Orden Fondos/nueva orden' is clicked on

2019-08-19 09:58:31 - [TEST_STEP][PASSED] - delay(2): Delayed 2 second(s)

2019-08-19 09:58:33 - [MESSAGE][PASSED] - Delayed 2 second(s)

2019-08-19 09:58:33 - [TEST_STEP][PASSED] - click(findTestObject("Tesoreria/Orden Fondos/Orden de reserva ingreso con conceptos")): Object: 'Object Repository/Tesoreria/Orden Fondos/Orden de reserva ingreso con conceptos' is clicked on

2019-08-19 09:58:33 - [MESSAGE][PASSED] - Object: 'Object Repository/Tesoreria/Orden Fondos/Orden de reserva ingreso con conceptos' is clicked on

2019-08-19 09:58:33 - [TEST_STEP][PASSED] - delay(2): Delayed 2 second(s)

2019-08-19 09:58:35 - [MESSAGE][PASSED] - Delayed 2 second(s)

2019-08-19 09:58:35 - [TEST_STEP][PASSED] - click(findTestObject("Tesoreria/Orden Fondos/CONTINUAR")): Object: 'Object Repository/Tesoreria/Orden Fondos/CONTINUAR' is clicked on

2019-08-19 09:58:35 - [MESSAGE][PASSED] - Object: 'Object Repository/Tesoreria/Orden Fondos/CONTINUAR' is clicked on

2019-08-19 09:58:35 - [TEST_STEP][PASSED] - delay(2): Delayed 2 second(s)

2019-08-19 09:58:37 - [MESSAGE][PASSED] - Delayed 2 second(s)

2019-08-19 09:58:37 - [TEST_STEP][PASSED] - setText(findTestObject("Tesoreria/Orden Fondos/input_cliente"), "UY RUT 123123123098 - Jardín Los nenitos"): Text 'UY RUT 123123123098 - Jardín Los nenitos' is set on object 'Object Repository/Tesoreria/Orden Fondos/input_cliente'

2019-08-19 09:58:37 - [MESSAGE][PASSED] - Text 'UY RUT 123123123098 - Jardín Los nenitos' is set on object 'Object Repository/Tesoreria/Orden Fondos/input_cliente'

2019-08-19 09:58:37 - [TEST_STEP][PASSED] - setText(findTestObject("Tesoreria/Orden Fondos/input_Cuenta comercial"), "LNUYU - LOS NENITOS UYU"): Text 'LNUYU - LOS NENITOS UYU' is set on object 'Object Repository/Tesoreria/Orden Fondos/input_Cuenta comercial'

2019-08-19 09:58:37 - [MESSAGE][PASSED] - Text 'LNUYU - LOS NENITOS UYU' is set on object 'Object Repository/Tesoreria/Orden Fondos/input_Cuenta comercial'

2019-08-19 09:58:37 - [TEST_STEP][PASSED] - delay(2): Delayed 2 second(s)

2019-08-19 09:58:39 - [MESSAGE][PASSED] - Delayed 2 second(s)

2019-08-19 09:58:39 - [TEST_STEP][PASSED] - setText(findTestObject("Tesoreria/Orden Fondos/input_Esquema de distribucin"), "Congelados"): Text 'Congelados' is set on object 'Object Repository/Tesoreria/Orden Fondos/input_Esquema de distribucin'

2019-08-19 09:58:39 - [MESSAGE][PASSED] - Text 'Congelados' is set on object 'Object Repository/Tesoreria/Orden Fondos/input_Esquema de distribucin'

2019-08-19 09:58:39 - [TEST_STEP][PASSED] - delay(1): Delayed 1 second(s)

2019-08-19 09:58:40 - [MESSAGE][PASSED] - Delayed 1 second(s)

2019-08-19 09:58:40 - [TEST_STEP][PASSED] - selectOptionByValue(findTestObject("Tesoreria/Orden Fondos/ConceptoIngreso"), "500", false): All options with value '500' are selected in object 'Object Repository/Tesoreria/Orden Fondos/ConceptoIngreso' 

2019-08-19 09:58:41 - [MESSAGE][PASSED] - All options with value '500' are selected in object 'Object Repository/Tesoreria/Orden Fondos/ConceptoIngreso' 

2019-08-19 09:58:41 - [TEST_STEP][PASSED] - delay(1): Delayed 1 second(s)

2019-08-19 09:58:42 - [MESSAGE][PASSED] - Delayed 1 second(s)

2019-08-19 09:58:42 - [TEST_STEP][PASSED] - setText(findTestObject("Tesoreria/Orden Fondos/input_Importe"), "100"): Text '100' is set on object 'Object Repository/Tesoreria/Orden Fondos/input_Importe'

2019-08-19 09:58:42 - [MESSAGE][PASSED] - Text '100' is set on object 'Object Repository/Tesoreria/Orden Fondos/input_Importe'

2019-08-19 09:58:42 - [TEST_STEP][PASSED] - delay(1): Delayed 1 second(s)

2019-08-19 09:58:43 - [MESSAGE][PASSED] - Delayed 1 second(s)

2019-08-19 09:58:43 - [TEST_STEP][PASSED] - click(findTestObject("Tesoreria/Orden Fondos/ConfirmarOF"), CONTINUE_ON_FAILURE): Object: 'Object Repository/Tesoreria/Orden Fondos/ConfirmarOF' is clicked on

2019-08-19 09:58:43 - [MESSAGE][PASSED] - Object: 'Object Repository/Tesoreria/Orden Fondos/ConfirmarOF' is clicked on

2019-08-19 09:58:43 - [TEST_STEP][PASSED] - delay(3): Delayed 3 second(s)

2019-08-19 09:58:46 - [MESSAGE][PASSED] - Delayed 3 second(s)

2019-08-19 09:58:46 - [TEST_STEP][PASSED] - click(findTestObject("Tesoreria/Orden Fondos/CONFIRMAR(ProcAUT)")): Object: 'Object Repository/Tesoreria/Orden Fondos/CONFIRMAR(ProcAUT)' is clicked on

2019-08-19 09:58:46 - [MESSAGE][PASSED] - Object: 'Object Repository/Tesoreria/Orden Fondos/CONFIRMAR(ProcAUT)' is clicked on]]></system-out>
         <system-err><![CDATA[]]></system-err>
      </testcase>
      <system-out><![CDATA[2019-08-19 09:58:16 - [TEST_SUITE][PASSED] - OrdenFondos-Ingresar: Test Cases/Tesoreria/OredenFondos - Ingresar]]></system-out>
      <system-err><![CDATA[]]></system-err>
   </testsuite>
</testsuites>
