<?xml version="1.0" encoding="UTF-8"?>
<testsuites name="ProveedorNew" time="18" tests="2" failures="0" errors="0">
   <testsuite name="ProveedorNew" tests="2" failures="0" errors="0" time="18" timestamp="2019-08-12 11:24:13" hostname="LCabrera - k2bp697.Artech.local" id="Test Suites/ProveedorNew">
      <properties>
         <property name="deviceName" value=""/>
         <property name="devicePlatform" value=""/>
         <property name="logFolder" value="C:\\Users\\lcabrera\\Katalon Studio\\test 6.1\\Reports\\ProveedorNew\\20190812_112412"/>
         <property name="logFiles" value="C:\\Users\\lcabrera\\Katalon Studio\\test 6.1\\Reports\\ProveedorNew\\20190812_112412\\execution0.log"/>
         <property name="attachments" value=""/>
         <property name="hostName" value="LCabrera - k2bp697.Artech.local"/>
         <property name="os" value="Windows 10 64bit"/>
         <property name="katalonVersion" value="6.1.4.1"/>
         <property name="browser" value="Firefox 68.0"/>
         <property name="hostAddress" value="172.16.6.153"/>
         <property name="sessionId" value="930ba508-f762-435d-b41f-cffb17828761"/>
         <property name="seleniumVersion" value="3.7.1"/>
         <property name="proxyInformation" value="ProxyInformation{proxyOption=NO_PROXY, proxyServerType=HTTP, password=, proxyServerAddress=, proxyServerPort=0}"/>
         <property name="platform" value="Windows 10"/>
      </properties>
      <testcase name="Test Cases/Login" classname="Test Cases/Login" status="PASSED">
         <system-out><![CDATA[2019-08-12 11:24:13 - [TEST_CASE][PASSED] - Test Cases/Login: Test Cases/Login

2019-08-12 11:24:13 - [TEST_STEP][PASSED] - openBrowser(""): Browser is opened with url: ''

2019-08-12 11:24:13 - [MESSAGE][INFO] - Starting 'Firefox' driver

2019-08-12 11:24:13 - [MESSAGE][INFO] - Action delay is set to 0 seconds

2019-08-12 11:24:16 - [MESSAGE][PASSED] - Browser is opened with url: ''

2019-08-12 11:24:16 - [TEST_STEP][PASSED] - navigateToUrl(findTestData("Login/DatosLogin").getValue(3, 1)): Navigate to 'http://test3.k2b.local:8080/k2bv61-sqlserver/servlet/com.k2b.hk2blogin' successfully

2019-08-12 11:24:17 - [MESSAGE][PASSED] - Navigate to 'http://test3.k2b.local:8080/k2bv61-sqlserver/servlet/com.k2b.hk2blogin' successfully

2019-08-12 11:24:17 - [TEST_STEP][PASSED] - setText(findTestObject("LoginManual/USERNAME"), findTestData("Login/DatosLogin").getValue(1, 1)): Text 'jperez' is set on object 'Object Repository/LoginManual/USERNAME'

2019-08-12 11:24:17 - [MESSAGE][PASSED] - Text 'jperez' is set on object 'Object Repository/LoginManual/USERNAME'

2019-08-12 11:24:17 - [TEST_STEP][PASSED] - setText(findTestObject("LoginManual/PASSWORD"), findTestData("Login/DatosLogin").getValue(2, 1)): Text 'jperez' is set on object 'Object Repository/LoginManual/PASSWORD'

2019-08-12 11:24:17 - [MESSAGE][PASSED] - Text 'jperez' is set on object 'Object Repository/LoginManual/PASSWORD'

2019-08-12 11:24:17 - [TEST_STEP][PASSED] - click(findTestObject("LoginManual/LOGIN")): Object: 'Object Repository/LoginManual/LOGIN' is clicked on

2019-08-12 11:24:17 - [MESSAGE][PASSED] - Object: 'Object Repository/LoginManual/LOGIN' is clicked on

2019-08-12 11:24:17 - [TEST_STEP][PASSED] - delay(2): Delayed 2 second(s)

2019-08-12 11:24:19 - [MESSAGE][PASSED] - Delayed 2 second(s)

2019-08-12 11:24:19 - [TEST_STEP][PASSED] - click(findTestObject("Menu/clockMENU")): Object: 'Object Repository/Menu/clockMENU' is clicked on

2019-08-12 11:24:20 - [MESSAGE][PASSED] - Object: 'Object Repository/Menu/clockMENU' is clicked on]]></system-out>
         <system-err><![CDATA[]]></system-err>
      </testcase>
      <testcase name="Test Cases/ProveedorNew" classname="Test Cases/ProveedorNew" status="PASSED">
         <system-out><![CDATA[2019-08-12 11:24:20 - [TEST_CASE][PASSED] - Test Cases/ProveedorNew: Test Cases/ProveedorNew

2019-08-12 11:24:20 - [TEST_STEP][PASSED] - delay(2): Delayed 2 second(s)

2019-08-12 11:24:22 - [MESSAGE][PASSED] - Delayed 2 second(s)

2019-08-12 11:24:22 - [TEST_STEP][PASSED] - click(findTestObject("Menu/a_Configuracin")): Object: 'Object Repository/Menu/a_Configuracin' is clicked on

2019-08-12 11:24:22 - [MESSAGE][PASSED] - Object: 'Object Repository/Menu/a_Configuracin' is clicked on

2019-08-12 11:24:22 - [TEST_STEP][PASSED] - delay(2): Delayed 2 second(s)

2019-08-12 11:24:24 - [MESSAGE][PASSED] - Delayed 2 second(s)

2019-08-12 11:24:24 - [TEST_STEP][PASSED] - click(findTestObject("Nucleo/Persona/Proveedor/a_Personas")): Object: 'Object Repository/Nucleo/Persona/Proveedor/a_Personas' is clicked on

2019-08-12 11:24:24 - [MESSAGE][PASSED] - Object: 'Object Repository/Nucleo/Persona/Proveedor/a_Personas' is clicked on

2019-08-12 11:24:24 - [TEST_STEP][PASSED] - delay(2): Delayed 2 second(s)

2019-08-12 11:24:26 - [MESSAGE][PASSED] - Delayed 2 second(s)

2019-08-12 11:24:26 - [TEST_STEP][PASSED] - click(findTestObject("Nucleo/Persona/Proveedor/a_Proveedores")): Object: 'Object Repository/Nucleo/Persona/Proveedor/a_Proveedores' is clicked on

2019-08-12 11:24:27 - [MESSAGE][PASSED] - Object: 'Object Repository/Nucleo/Persona/Proveedor/a_Proveedores' is clicked on

2019-08-12 11:24:27 - [TEST_STEP][PASSED] - delay(2): Delayed 2 second(s)

2019-08-12 11:24:29 - [MESSAGE][PASSED] - Delayed 2 second(s)

2019-08-12 11:24:29 - [TEST_STEP][PASSED] - click(findTestObject("Nucleo/Persona/Proveedor/AgregarProveedor")): Object: 'Object Repository/Nucleo/Persona/Proveedor/AgregarProveedor' is clicked on

2019-08-12 11:24:29 - [MESSAGE][PASSED] - Object: 'Object Repository/Nucleo/Persona/Proveedor/AgregarProveedor' is clicked on

2019-08-12 11:24:29 - [TEST_STEP][PASSED] - delay(2): Delayed 2 second(s)

2019-08-12 11:24:31 - [MESSAGE][PASSED] - Delayed 2 second(s)

2019-08-12 11:24:31 - [TEST_STEP][PASSED] - setText(findTestObject("Nucleo/Persona/Proveedor/PROVEEDORCODIGO"), ""): Text '' is set on object 'Object Repository/Nucleo/Persona/Proveedor/PROVEEDORCODIGO'

2019-08-12 11:24:31 - [MESSAGE][PASSED] - Text '' is set on object 'Object Repository/Nucleo/Persona/Proveedor/PROVEEDORCODIGO']]></system-out>
         <system-err><![CDATA[]]></system-err>
      </testcase>
      <system-out><![CDATA[2019-08-12 11:24:13 - [TEST_SUITE][PASSED] - ProveedorNew: Test Cases/ProveedorNew]]></system-out>
      <system-err><![CDATA[]]></system-err>
   </testsuite>
</testsuites>
