<?xml version="1.0" encoding="UTF-8"?>
<testsuites name="ProveedorCrear" time="44" tests="3" failures="0" errors="0">
   <testsuite name="ProveedorCrear" tests="3" failures="0" errors="0" time="44" timestamp="2019-08-22 18:00:12" hostname="LCabrera - k2bp697.Artech.local" id="Test Suites/Nucleo/Persona/Proveedor/ProveedorCrear">
      <properties>
         <property name="deviceName" value=""/>
         <property name="devicePlatform" value=""/>
         <property name="logFolder" value="C:\\Users\\lcabrera\\Katalon Studio\\test 6.1\\Reports\\Nucleo\\Persona\\Proveedor\\ProveedorCrear\\20190822_180011"/>
         <property name="logFiles" value="C:\\Users\\lcabrera\\Katalon Studio\\test 6.1\\Reports\\Nucleo\\Persona\\Proveedor\\ProveedorCrear\\20190822_180011\\execution0.log"/>
         <property name="attachments" value=""/>
         <property name="hostName" value="LCabrera - k2bp697.Artech.local"/>
         <property name="os" value="Windows 10 64bit"/>
         <property name="katalonVersion" value="6.1.4.1"/>
         <property name="browser" value="Firefox 68.0"/>
         <property name="hostAddress" value="172.16.6.153"/>
         <property name="sessionId" value="89f50638-b988-46b7-86ac-7a248eded9d5"/>
         <property name="seleniumVersion" value="3.7.1"/>
         <property name="proxyInformation" value="ProxyInformation{proxyOption=NO_PROXY, proxyServerType=HTTP, password=, proxyServerAddress=, proxyServerPort=0}"/>
         <property name="platform" value="Windows 10"/>
      </properties>
      <testcase name="Test Cases/Login" classname="Test Cases/Login" status="PASSED">
         <system-out><![CDATA[2019-08-22 18:00:12 - [TEST_CASE][PASSED] - Test Cases/Login: Test Cases/Login

2019-08-22 18:00:12 - [TEST_STEP][PASSED] - openBrowser(""): Browser is opened with url: ''

2019-08-22 18:00:12 - [MESSAGE][INFO] - Starting 'Firefox' driver

2019-08-22 18:00:12 - [MESSAGE][INFO] - Action delay is set to 0 seconds

2019-08-22 18:00:15 - [MESSAGE][PASSED] - Browser is opened with url: ''

2019-08-22 18:00:15 - [TEST_STEP][PASSED] - navigateToUrl(findTestData("Login/DatosLogin").getValue(3, 1)): Navigate to 'http://test3.k2b.local:8080/k2bv61-sqlserver/servlet/com.k2b.hk2blogin' successfully

2019-08-22 18:00:16 - [MESSAGE][PASSED] - Navigate to 'http://test3.k2b.local:8080/k2bv61-sqlserver/servlet/com.k2b.hk2blogin' successfully

2019-08-22 18:00:16 - [TEST_STEP][PASSED] - setText(findTestObject("LoginManual/USERNAME"), findTestData("Login/DatosLogin").getValue(1, 1)): Text 'jperez' is set on object 'Object Repository/LoginManual/USERNAME'

2019-08-22 18:00:16 - [MESSAGE][PASSED] - Text 'jperez' is set on object 'Object Repository/LoginManual/USERNAME'

2019-08-22 18:00:16 - [TEST_STEP][PASSED] - setText(findTestObject("LoginManual/PASSWORD"), findTestData("Login/DatosLogin").getValue(2, 1)): Text 'jperez' is set on object 'Object Repository/LoginManual/PASSWORD'

2019-08-22 18:00:16 - [MESSAGE][PASSED] - Text 'jperez' is set on object 'Object Repository/LoginManual/PASSWORD'

2019-08-22 18:00:16 - [TEST_STEP][PASSED] - click(findTestObject("LoginManual/LOGIN")): Object: 'Object Repository/LoginManual/LOGIN' is clicked on

2019-08-22 18:00:16 - [MESSAGE][PASSED] - Object: 'Object Repository/LoginManual/LOGIN' is clicked on

2019-08-22 18:00:16 - [TEST_STEP][PASSED] - delay(2): Delayed 2 second(s)

2019-08-22 18:00:18 - [MESSAGE][PASSED] - Delayed 2 second(s)

2019-08-22 18:00:18 - [TEST_STEP][PASSED] - click(findTestObject("Menu/clockMENU")): Object: 'Object Repository/Menu/clockMENU' is clicked on

2019-08-22 18:00:18 - [MESSAGE][PASSED] - Object: 'Object Repository/Menu/clockMENU' is clicked on]]></system-out>
         <system-err><![CDATA[]]></system-err>
      </testcase>
      <testcase name="Test Cases/Nucleo/Persona/Proveedor/ProveedorEliminar" classname="Test Cases/Nucleo/Persona/Proveedor/ProveedorEliminar" status="PASSED">
         <system-out><![CDATA[2019-08-22 18:00:18 - [TEST_CASE][PASSED] - Test Cases/Nucleo/Persona/Proveedor/ProveedorEliminar: Test Cases/Nucleo/Persona/Proveedor/ProveedorEliminar

2019-08-22 18:00:19 - [TEST_STEP][PASSED] - delay(2): Delayed 2 second(s)

2019-08-22 18:00:21 - [MESSAGE][PASSED] - Delayed 2 second(s)

2019-08-22 18:00:21 - [TEST_STEP][PASSED] - click(findTestObject("Menu/a_Configuracin")): Object: 'Object Repository/Menu/a_Configuracin' is clicked on

2019-08-22 18:00:21 - [MESSAGE][PASSED] - Object: 'Object Repository/Menu/a_Configuracin' is clicked on

2019-08-22 18:00:21 - [TEST_STEP][PASSED] - delay(2): Delayed 2 second(s)

2019-08-22 18:00:23 - [MESSAGE][PASSED] - Delayed 2 second(s)

2019-08-22 18:00:23 - [TEST_STEP][PASSED] - click(findTestObject("Menu/a_Personas")): Object: 'Object Repository/Menu/a_Personas' is clicked on

2019-08-22 18:00:23 - [MESSAGE][PASSED] - Object: 'Object Repository/Menu/a_Personas' is clicked on

2019-08-22 18:00:23 - [TEST_STEP][PASSED] - delay(2): Delayed 2 second(s)

2019-08-22 18:00:25 - [MESSAGE][PASSED] - Delayed 2 second(s)

2019-08-22 18:00:25 - [TEST_STEP][PASSED] - click(findTestObject("Nucleo/Persona/Proveedor/Crear/a_Proveedores")): Object: 'Object Repository/Nucleo/Persona/Proveedor/Crear/a_Proveedores' is clicked on

2019-08-22 18:00:25 - [MESSAGE][PASSED] - Object: 'Object Repository/Nucleo/Persona/Proveedor/Crear/a_Proveedores' is clicked on

2019-08-22 18:00:25 - [TEST_STEP][PASSED] - delay(2): Delayed 2 second(s)

2019-08-22 18:00:27 - [MESSAGE][PASSED] - Delayed 2 second(s)

2019-08-22 18:00:27 - [TEST_STEP][PASSED] - setText(findTestObject("Nucleo/Persona/Proveedor/Eliminar/BuscarProveedor"), CodigoProveedor): Text 'PruebKat' is set on object 'Object Repository/Nucleo/Persona/Proveedor/Eliminar/BuscarProveedor'

2019-08-22 18:00:27 - [MESSAGE][PASSED] - Text 'PruebKat' is set on object 'Object Repository/Nucleo/Persona/Proveedor/Eliminar/BuscarProveedor'

2019-08-22 18:00:27 - [TEST_STEP][PASSED] - delay(1): Delayed 1 second(s)

2019-08-22 18:00:28 - [MESSAGE][PASSED] - Delayed 1 second(s)

2019-08-22 18:00:28 - [TEST_STEP][PASSED] - mouseOver(findTestObject("Nucleo/Persona/Proveedor/Eliminar/p_UY RUT 466656440123"), STOP_ON_FAILURE): Object: 'Object Repository/Nucleo/Persona/Proveedor/Eliminar/p_UY RUT 466656440123' is hovered

2019-08-22 18:00:29 - [MESSAGE][PASSED] - Object: 'Object Repository/Nucleo/Persona/Proveedor/Eliminar/p_UY RUT 466656440123' is hovered

2019-08-22 18:00:29 - [TEST_STEP][PASSED] - delay(1): Delayed 1 second(s)

2019-08-22 18:00:30 - [MESSAGE][PASSED] - Delayed 1 second(s)

2019-08-22 18:00:30 - [TEST_STEP][PASSED] - click(findTestObject("Nucleo/Persona/Proveedor/Eliminar/BORRAR"), CONTINUE_ON_FAILURE): Object: 'Object Repository/Nucleo/Persona/Proveedor/Eliminar/BORRAR' is clicked on

2019-08-22 18:00:30 - [MESSAGE][PASSED] - Object: 'Object Repository/Nucleo/Persona/Proveedor/Eliminar/BORRAR' is clicked on

2019-08-22 18:00:30 - [TEST_STEP][PASSED] - delay(2): Delayed 2 second(s)

2019-08-22 18:00:32 - [MESSAGE][PASSED] - Delayed 2 second(s)

2019-08-22 18:00:32 - [TEST_STEP][PASSED] - click(findTestObject("Nucleo/Persona/Proveedor/Eliminar/eliminar -confirmar"), CONTINUE_ON_FAILURE): Object: 'Object Repository/Nucleo/Persona/Proveedor/Eliminar/eliminar -confirmar' is clicked on

2019-08-22 18:00:32 - [MESSAGE][PASSED] - Object: 'Object Repository/Nucleo/Persona/Proveedor/Eliminar/eliminar -confirmar' is clicked on]]></system-out>
         <system-err><![CDATA[]]></system-err>
      </testcase>
      <testcase name="Test Cases/Nucleo/Persona/Proveedor/ProveedorCrear" classname="Test Cases/Nucleo/Persona/Proveedor/ProveedorCrear" status="PASSED">
         <system-out><![CDATA[2019-08-22 18:00:32 - [TEST_CASE][PASSED] - Test Cases/Nucleo/Persona/Proveedor/ProveedorCrear: Test Cases/Nucleo/Persona/Proveedor/ProveedorCrear

2019-08-22 18:00:32 - [TEST_STEP][PASSED] - delay(2): Delayed 2 second(s)

2019-08-22 18:00:34 - [MESSAGE][PASSED] - Delayed 2 second(s)

2019-08-22 18:00:34 - [TEST_STEP][PASSED] - click(findTestObject("Nucleo/Persona/Proveedor/Crear/AgregarProveedor")): Object: 'Object Repository/Nucleo/Persona/Proveedor/Crear/AgregarProveedor' is clicked on

2019-08-22 18:00:34 - [MESSAGE][PASSED] - Object: 'Object Repository/Nucleo/Persona/Proveedor/Crear/AgregarProveedor' is clicked on

2019-08-22 18:00:34 - [TEST_STEP][PASSED] - delay(2): Delayed 2 second(s)

2019-08-22 18:00:36 - [MESSAGE][PASSED] - Delayed 2 second(s)

2019-08-22 18:00:36 - [TEST_STEP][PASSED] - setText(findTestObject("Nucleo/Persona/Proveedor/Crear/PROVEEDORCODIGO"), Codigo): Text 'PruebKat' is set on object 'Object Repository/Nucleo/Persona/Proveedor/Crear/PROVEEDORCODIGO'

2019-08-22 18:00:37 - [MESSAGE][PASSED] - Text 'PruebKat' is set on object 'Object Repository/Nucleo/Persona/Proveedor/Crear/PROVEEDORCODIGO'

2019-08-22 18:00:37 - [TEST_STEP][PASSED] - delay(2): Delayed 2 second(s)

2019-08-22 18:00:39 - [MESSAGE][PASSED] - Delayed 2 second(s)

2019-08-22 18:00:39 - [TEST_STEP][PASSED] - setText(findTestObject("Nucleo/Persona/Proveedor/Crear/PERSONAJURIDICANOMBRECOMERCIAL"), NombreComercial): Text 'Prueba katalon' is set on object 'Object Repository/Nucleo/Persona/Proveedor/Crear/PERSONAJURIDICANOMBRECOMERCIAL'

2019-08-22 18:00:39 - [MESSAGE][PASSED] - Text 'Prueba katalon' is set on object 'Object Repository/Nucleo/Persona/Proveedor/Crear/PERSONAJURIDICANOMBRECOMERCIAL'

2019-08-22 18:00:39 - [TEST_STEP][PASSED] - delay(2): Delayed 2 second(s)

2019-08-22 18:00:41 - [MESSAGE][PASSED] - Delayed 2 second(s)

2019-08-22 18:00:41 - [TEST_STEP][PASSED] - setText(findTestObject("Nucleo/Persona/Proveedor/Crear/PERSONAJURIDICANOMBRELEGAL"), NombreLegal): Text 'Prueba katalon' is set on object 'Object Repository/Nucleo/Persona/Proveedor/Crear/PERSONAJURIDICANOMBRELEGAL'

2019-08-22 18:00:41 - [MESSAGE][PASSED] - Text 'Prueba katalon' is set on object 'Object Repository/Nucleo/Persona/Proveedor/Crear/PERSONAJURIDICANOMBRELEGAL'

2019-08-22 18:00:41 - [TEST_STEP][PASSED] - delay(2): Delayed 2 second(s)

2019-08-22 18:00:43 - [MESSAGE][PASSED] - Delayed 2 second(s)

2019-08-22 18:00:43 - [TEST_STEP][PASSED] - setText(findTestObject("Nucleo/Persona/Proveedor/Crear/PERSONAJURIDICADOCUMENTO"), Documento): Text '466656440123' is set on object 'Object Repository/Nucleo/Persona/Proveedor/Crear/PERSONAJURIDICADOCUMENTO'

2019-08-22 18:00:43 - [MESSAGE][PASSED] - Text '466656440123' is set on object 'Object Repository/Nucleo/Persona/Proveedor/Crear/PERSONAJURIDICADOCUMENTO'

2019-08-22 18:00:43 - [TEST_STEP][PASSED] - delay(2): Delayed 2 second(s)

2019-08-22 18:00:45 - [MESSAGE][PASSED] - Delayed 2 second(s)

2019-08-22 18:00:45 - [TEST_STEP][PASSED] - selectOptionByValue(findTestObject("Nucleo/Persona/Proveedor/Crear/SelectPais"), Pais, false): All options with value 'UY' are selected in object 'Object Repository/Nucleo/Persona/Proveedor/Crear/SelectPais' 

2019-08-22 18:00:45 - [MESSAGE][PASSED] - All options with value 'UY' are selected in object 'Object Repository/Nucleo/Persona/Proveedor/Crear/SelectPais' 

2019-08-22 18:00:45 - [TEST_STEP][PASSED] - delay(2): Delayed 2 second(s)

2019-08-22 18:00:47 - [MESSAGE][PASSED] - Delayed 2 second(s)

2019-08-22 18:00:47 - [TEST_STEP][PASSED] - selectOptionByValue(findTestObject("Nucleo/Persona/Proveedor/Crear/selectTIPO PROVEEDOR"), Tproveedor, false): All options with value '001' are selected in object 'Object Repository/Nucleo/Persona/Proveedor/Crear/selectTIPO PROVEEDOR' 

2019-08-22 18:00:47 - [MESSAGE][PASSED] - All options with value '001' are selected in object 'Object Repository/Nucleo/Persona/Proveedor/Crear/selectTIPO PROVEEDOR' 

2019-08-22 18:00:47 - [TEST_STEP][PASSED] - delay(2): Delayed 2 second(s)

2019-08-22 18:00:49 - [MESSAGE][PASSED] - Delayed 2 second(s)

2019-08-22 18:00:49 - [TEST_STEP][PASSED] - selectOptionByValue(findTestObject("Nucleo/Persona/Proveedor/Crear/selectRUT"), Tdocumento, false): All options with value 'RUC' are selected in object 'Object Repository/Nucleo/Persona/Proveedor/Crear/selectRUT' 

2019-08-22 18:00:49 - [MESSAGE][PASSED] - All options with value 'RUC' are selected in object 'Object Repository/Nucleo/Persona/Proveedor/Crear/selectRUT' 

2019-08-22 18:00:49 - [TEST_STEP][PASSED] - delay(2): Delayed 2 second(s)

2019-08-22 18:00:51 - [MESSAGE][PASSED] - Delayed 2 second(s)

2019-08-22 18:00:51 - [TEST_STEP][PASSED] - click(findTestObject("Nucleo/Persona/Proveedor/Crear/input_Persona Juridica Observaciones_W0049W0048ENTER")): Object: 'Object Repository/Nucleo/Persona/Proveedor/Crear/input_Persona Juridica Observaciones_W0049W0048ENTER' is clicked on

2019-08-22 18:00:51 - [MESSAGE][PASSED] - Object: 'Object Repository/Nucleo/Persona/Proveedor/Crear/input_Persona Juridica Observaciones_W0049W0048ENTER' is clicked on

2019-08-22 18:00:51 - [TEST_STEP][PASSED] - delay(2): Delayed 2 second(s)

2019-08-22 18:00:53 - [MESSAGE][PASSED] - Delayed 2 second(s)

2019-08-22 18:00:53 - [TEST_STEP][PASSED] - verifyTextPresent("El proveedor Prueba katalon fue agregado", false): Text 'El proveedor Prueba katalon fue agregado' is present on page 

2019-08-22 18:00:56 - [MESSAGE][PASSED] - Text 'El proveedor Prueba katalon fue agregado' is present on page]]></system-out>
         <system-err><![CDATA[]]></system-err>
      </testcase>
      <system-out><![CDATA[2019-08-22 18:00:12 - [TEST_SUITE][PASSED] - ProveedorCrear: Test Cases/Nucleo/Persona/Proveedor/ProveedorCrear]]></system-out>
      <system-err><![CDATA[]]></system-err>
   </testsuite>
</testsuites>
