<?xml version="1.0" encoding="UTF-8"?>
<testsuites name="ClienteCrear" time="32" tests="2" failures="0" errors="0">
   <testsuite name="ClienteCrear" tests="2" failures="0" errors="0" time="32" timestamp="2019-08-22 15:03:04" hostname="LCabrera - k2bp697.Artech.local" id="Test Suites/Nucleo/Persona/Cliente/ClienteCrear">
      <properties>
         <property name="deviceName" value=""/>
         <property name="devicePlatform" value=""/>
         <property name="logFolder" value="C:\\Users\\lcabrera\\Katalon Studio\\test 6.1\\Reports\\Nucleo\\Persona\\Cliente\\ClienteCrear\\20190822_150303"/>
         <property name="logFiles" value="C:\\Users\\lcabrera\\Katalon Studio\\test 6.1\\Reports\\Nucleo\\Persona\\Cliente\\ClienteCrear\\20190822_150303\\execution0.log"/>
         <property name="attachments" value=""/>
         <property name="hostName" value="LCabrera - k2bp697.Artech.local"/>
         <property name="os" value="Windows 10 64bit"/>
         <property name="katalonVersion" value="6.1.4.1"/>
         <property name="browser" value="Firefox 68.0"/>
         <property name="hostAddress" value="172.16.6.153"/>
         <property name="sessionId" value="1a201152-031b-4a86-b420-3a6511a8dbe6"/>
         <property name="seleniumVersion" value="3.7.1"/>
         <property name="proxyInformation" value="ProxyInformation{proxyOption=NO_PROXY, proxyServerType=HTTP, password=, proxyServerAddress=, proxyServerPort=0}"/>
         <property name="platform" value="Windows 10"/>
      </properties>
      <testcase name="Test Cases/Login" classname="Test Cases/Login" status="PASSED">
         <system-out><![CDATA[2019-08-22 15:03:04 - [TEST_CASE][PASSED] - Test Cases/Login: Test Cases/Login

2019-08-22 15:03:05 - [TEST_STEP][PASSED] - openBrowser(""): Browser is opened with url: ''

2019-08-22 15:03:05 - [MESSAGE][INFO] - Starting 'Firefox' driver

2019-08-22 15:03:05 - [MESSAGE][INFO] - Action delay is set to 0 seconds

2019-08-22 15:03:07 - [MESSAGE][PASSED] - Browser is opened with url: ''

2019-08-22 15:03:07 - [TEST_STEP][PASSED] - navigateToUrl(findTestData("Login/DatosLogin").getValue(3, 1)): Navigate to 'http://test3.k2b.local:8080/k2bv61-sqlserver/servlet/com.k2b.hk2blogin' successfully

2019-08-22 15:03:08 - [MESSAGE][PASSED] - Navigate to 'http://test3.k2b.local:8080/k2bv61-sqlserver/servlet/com.k2b.hk2blogin' successfully

2019-08-22 15:03:08 - [TEST_STEP][PASSED] - setText(findTestObject("LoginManual/USERNAME"), findTestData("Login/DatosLogin").getValue(1, 1)): Text 'jperez' is set on object 'Object Repository/LoginManual/USERNAME'

2019-08-22 15:03:08 - [MESSAGE][PASSED] - Text 'jperez' is set on object 'Object Repository/LoginManual/USERNAME'

2019-08-22 15:03:08 - [TEST_STEP][PASSED] - setText(findTestObject("LoginManual/PASSWORD"), findTestData("Login/DatosLogin").getValue(2, 1)): Text 'jperez' is set on object 'Object Repository/LoginManual/PASSWORD'

2019-08-22 15:03:08 - [MESSAGE][PASSED] - Text 'jperez' is set on object 'Object Repository/LoginManual/PASSWORD'

2019-08-22 15:03:08 - [TEST_STEP][PASSED] - click(findTestObject("LoginManual/LOGIN")): Object: 'Object Repository/LoginManual/LOGIN' is clicked on

2019-08-22 15:03:09 - [MESSAGE][PASSED] - Object: 'Object Repository/LoginManual/LOGIN' is clicked on

2019-08-22 15:03:09 - [TEST_STEP][PASSED] - delay(2): Delayed 2 second(s)

2019-08-22 15:03:11 - [MESSAGE][PASSED] - Delayed 2 second(s)

2019-08-22 15:03:11 - [TEST_STEP][PASSED] - click(findTestObject("Menu/clockMENU")): Object: 'Object Repository/Menu/clockMENU' is clicked on

2019-08-22 15:03:11 - [MESSAGE][PASSED] - Object: 'Object Repository/Menu/clockMENU' is clicked on]]></system-out>
         <system-err><![CDATA[]]></system-err>
      </testcase>
      <testcase name="Test Cases/Nucleo/Persona/Cliente/ClienteCrear" classname="Test Cases/Nucleo/Persona/Cliente/ClienteCrear" status="PASSED">
         <system-out><![CDATA[2019-08-22 15:03:11 - [TEST_CASE][PASSED] - Test Cases/Nucleo/Persona/Cliente/ClienteCrear: Test Cases/Nucleo/Persona/Cliente/ClienteCrear

2019-08-22 15:03:11 - [TEST_STEP][PASSED] - delay(2): Delayed 2 second(s)

2019-08-22 15:03:13 - [MESSAGE][PASSED] - Delayed 2 second(s)

2019-08-22 15:03:13 - [TEST_STEP][PASSED] - click(findTestObject("Menu/a_Configuracin")): Object: 'Object Repository/Menu/a_Configuracin' is clicked on

2019-08-22 15:03:13 - [MESSAGE][PASSED] - Object: 'Object Repository/Menu/a_Configuracin' is clicked on

2019-08-22 15:03:13 - [TEST_STEP][PASSED] - delay(2): Delayed 2 second(s)

2019-08-22 15:03:15 - [MESSAGE][PASSED] - Delayed 2 second(s)

2019-08-22 15:03:15 - [TEST_STEP][PASSED] - click(findTestObject("Menu/a_Personas")): Object: 'Object Repository/Menu/a_Personas' is clicked on

2019-08-22 15:03:16 - [MESSAGE][PASSED] - Object: 'Object Repository/Menu/a_Personas' is clicked on

2019-08-22 15:03:16 - [TEST_STEP][PASSED] - delay(2): Delayed 2 second(s)

2019-08-22 15:03:18 - [MESSAGE][PASSED] - Delayed 2 second(s)

2019-08-22 15:03:18 - [TEST_STEP][PASSED] - click(findTestObject("Nucleo/Persona/Cliente/a_Clientes")): Object: 'Object Repository/Nucleo/Persona/Cliente/a_Clientes' is clicked on

2019-08-22 15:03:18 - [MESSAGE][PASSED] - Object: 'Object Repository/Nucleo/Persona/Cliente/a_Clientes' is clicked on

2019-08-22 15:03:18 - [TEST_STEP][PASSED] - delay(2): Delayed 2 second(s)

2019-08-22 15:03:20 - [MESSAGE][PASSED] - Delayed 2 second(s)

2019-08-22 15:03:20 - [TEST_STEP][PASSED] - click(findTestObject("Nucleo/Persona/Cliente/AgregarCliente")): Object: 'Object Repository/Nucleo/Persona/Cliente/AgregarCliente' is clicked on

2019-08-22 15:03:20 - [MESSAGE][PASSED] - Object: 'Object Repository/Nucleo/Persona/Cliente/AgregarCliente' is clicked on

2019-08-22 15:03:20 - [TEST_STEP][PASSED] - delay(2): Delayed 2 second(s)

2019-08-22 15:03:22 - [MESSAGE][PASSED] - Delayed 2 second(s)

2019-08-22 15:03:22 - [TEST_STEP][PASSED] - setText(findTestObject("Nucleo/Persona/Cliente/CLIENTECODIGO"), Codigo): Text 'PruebaKata' is set on object 'Object Repository/Nucleo/Persona/Cliente/CLIENTECODIGO'

2019-08-22 15:03:22 - [MESSAGE][PASSED] - Text 'PruebaKata' is set on object 'Object Repository/Nucleo/Persona/Cliente/CLIENTECODIGO'

2019-08-22 15:03:22 - [TEST_STEP][PASSED] - delay(2): Delayed 2 second(s)

2019-08-22 15:03:24 - [MESSAGE][PASSED] - Delayed 2 second(s)

2019-08-22 15:03:24 - [TEST_STEP][PASSED] - selectOptionByValue(findTestObject("Nucleo/Persona/Cliente/Persona"), TipoPersona, false): All options with value 'J' are selected in object 'Object Repository/Nucleo/Persona/Cliente/Persona' 

2019-08-22 15:03:24 - [MESSAGE][PASSED] - All options with value 'J' are selected in object 'Object Repository/Nucleo/Persona/Cliente/Persona' 

2019-08-22 15:03:24 - [TEST_STEP][PASSED] - delay(2): Delayed 2 second(s)

2019-08-22 15:03:26 - [MESSAGE][PASSED] - Delayed 2 second(s)

2019-08-22 15:03:26 - [TEST_STEP][PASSED] - selectOptionByValue(findTestObject("Nucleo/Persona/Cliente/Pais"), Pais, false): All options with value 'UY' are selected in object 'Object Repository/Nucleo/Persona/Cliente/Pais' 

2019-08-22 15:03:26 - [MESSAGE][PASSED] - All options with value 'UY' are selected in object 'Object Repository/Nucleo/Persona/Cliente/Pais' 

2019-08-22 15:03:26 - [TEST_STEP][PASSED] - delay(2): Delayed 2 second(s)

2019-08-22 15:03:28 - [MESSAGE][PASSED] - Delayed 2 second(s)

2019-08-22 15:03:28 - [TEST_STEP][PASSED] - setText(findTestObject("Nucleo/Persona/Cliente/NDocumento"), Documento, STOP_ON_FAILURE): Text '466656442808' is set on object 'Object Repository/Nucleo/Persona/Cliente/NDocumento'

2019-08-22 15:03:28 - [MESSAGE][PASSED] - Text '466656442808' is set on object 'Object Repository/Nucleo/Persona/Cliente/NDocumento'

2019-08-22 15:03:28 - [TEST_STEP][PASSED] - delay(2): Delayed 2 second(s)

2019-08-22 15:03:30 - [MESSAGE][PASSED] - Delayed 2 second(s)

2019-08-22 15:03:30 - [TEST_STEP][PASSED] - setText(findTestObject("Nucleo/Persona/Cliente/Nombre comercial"), NomComercial, STOP_ON_FAILURE): Text 'Prueba Katalon Cli' is set on object 'Object Repository/Nucleo/Persona/Cliente/Nombre comercial'

2019-08-22 15:03:30 - [MESSAGE][PASSED] - Text 'Prueba Katalon Cli' is set on object 'Object Repository/Nucleo/Persona/Cliente/Nombre comercial'

2019-08-22 15:03:30 - [TEST_STEP][PASSED] - delay(2): Delayed 2 second(s)

2019-08-22 15:03:32 - [MESSAGE][PASSED] - Delayed 2 second(s)

2019-08-22 15:03:32 - [TEST_STEP][PASSED] - setText(findTestObject("Nucleo/Persona/Cliente/Nombre legal"), NomLegal, STOP_ON_FAILURE): Text 'Prueba Katalon Cli' is set on object 'Object Repository/Nucleo/Persona/Cliente/Nombre legal'

2019-08-22 15:03:32 - [MESSAGE][PASSED] - Text 'Prueba Katalon Cli' is set on object 'Object Repository/Nucleo/Persona/Cliente/Nombre legal'

2019-08-22 15:03:32 - [TEST_STEP][PASSED] - delay(2): Delayed 2 second(s)

2019-08-22 15:03:34 - [MESSAGE][PASSED] - Delayed 2 second(s)

2019-08-22 15:03:34 - [TEST_STEP][PASSED] - selectOptionByValue(findTestObject("Nucleo/Persona/Cliente/Retiene"), AgenRet, false): All options with value '0' are selected in object 'Object Repository/Nucleo/Persona/Cliente/Retiene' 

2019-08-22 15:03:34 - [MESSAGE][PASSED] - All options with value '0' are selected in object 'Object Repository/Nucleo/Persona/Cliente/Retiene' 

2019-08-22 15:03:34 - [TEST_STEP][PASSED] - delay(2): Delayed 2 second(s)

2019-08-22 15:03:36 - [MESSAGE][PASSED] - Delayed 2 second(s)

2019-08-22 15:03:36 - [TEST_STEP][PASSED] - click(findTestObject("Nucleo/Persona/Cliente/CONFIRMAR")): Object: 'Object Repository/Nucleo/Persona/Cliente/CONFIRMAR' is clicked on

2019-08-22 15:03:37 - [MESSAGE][PASSED] - Object: 'Object Repository/Nucleo/Persona/Cliente/CONFIRMAR' is clicked on]]></system-out>
         <system-err><![CDATA[]]></system-err>
      </testcase>
      <system-out><![CDATA[2019-08-22 15:03:04 - [TEST_SUITE][PASSED] - ClienteCrear: Test Cases/Nucleo/Persona/Cliente/ClienteCrear]]></system-out>
      <system-err><![CDATA[]]></system-err>
   </testsuite>
</testsuites>
