<?xml version="1.0" encoding="UTF-8"?>
<testsuites name="ProveedorCrear" time="6" tests="2" failures="0" errors="0">
   <testsuite name="ProveedorCrear" tests="2" failures="0" errors="0" time="6" timestamp="2019-08-22 11:14:54" hostname="LCabrera - k2bp697.Artech.local" id="Test Suites/Nucleo/Persona/Proveedor/ProveedorCrear">
      <properties>
         <property name="deviceName" value=""/>
         <property name="devicePlatform" value=""/>
         <property name="logFolder" value="C:\\Users\\lcabrera\\Katalon Studio\\test 6.1\\Reports\\Nucleo\\Persona\\Proveedor\\ProveedorCrear\\20190822_111453"/>
         <property name="logFiles" value="C:\\Users\\lcabrera\\Katalon Studio\\test 6.1\\Reports\\Nucleo\\Persona\\Proveedor\\ProveedorCrear\\20190822_111453\\execution0.log"/>
         <property name="attachments" value=""/>
         <property name="hostName" value="LCabrera - k2bp697.Artech.local"/>
         <property name="os" value="Windows 10 64bit"/>
         <property name="katalonVersion" value="6.1.4.1"/>
         <property name="browser" value="Firefox 68.0"/>
         <property name="hostAddress" value="172.16.6.153"/>
         <property name="sessionId" value="9f7809f7-775c-496c-bdb2-2308ed661441"/>
         <property name="seleniumVersion" value="3.7.1"/>
         <property name="proxyInformation" value="ProxyInformation{proxyOption=NO_PROXY, proxyServerType=HTTP, password=, proxyServerAddress=, proxyServerPort=0}"/>
         <property name="platform" value="Windows 10"/>
      </properties>
      <testcase name="Test Cases/Login" classname="Test Cases/Login" status="PASSED">
         <system-out><![CDATA[2019-08-22 11:14:54 - [TEST_CASE][PASSED] - Test Cases/Login: Test Cases/Login

2019-08-22 11:14:55 - [TEST_STEP][PASSED] - openBrowser(""): Browser is opened with url: ''

2019-08-22 11:14:55 - [MESSAGE][INFO] - Starting 'Firefox' driver

2019-08-22 11:14:55 - [MESSAGE][INFO] - Action delay is set to 0 seconds

2019-08-22 11:14:58 - [MESSAGE][PASSED] - Browser is opened with url: ''

2019-08-22 11:14:58 - [TEST_STEP][PASSED] - navigateToUrl(findTestData("Login/DatosLogin").getValue(3, 1)): Navigate to 'http://test3.k2b.local:8080/k2bv61-sqlserver/servlet/com.k2b.hk2blogin' successfully

2019-08-22 11:14:58 - [MESSAGE][PASSED] - Navigate to 'http://test3.k2b.local:8080/k2bv61-sqlserver/servlet/com.k2b.hk2blogin' successfully

2019-08-22 11:14:58 - [TEST_STEP][PASSED] - setText(findTestObject("LoginManual/USERNAME"), findTestData("Login/DatosLogin").getValue(1, 1)): Text 'jperez' is set on object 'Object Repository/LoginManual/USERNAME'

2019-08-22 11:14:58 - [MESSAGE][PASSED] - Text 'jperez' is set on object 'Object Repository/LoginManual/USERNAME'

2019-08-22 11:14:58 - [TEST_STEP][PASSED] - setText(findTestObject("LoginManual/PASSWORD"), findTestData("Login/DatosLogin").getValue(2, 1)): Text 'jperez' is set on object 'Object Repository/LoginManual/PASSWORD'

2019-08-22 11:14:59 - [MESSAGE][PASSED] - Text 'jperez' is set on object 'Object Repository/LoginManual/PASSWORD'

2019-08-22 11:14:59 - [TEST_STEP][PASSED] - click(findTestObject("LoginManual/LOGIN")): Object: 'Object Repository/LoginManual/LOGIN' is clicked on

2019-08-22 11:14:59 - [MESSAGE][PASSED] - Object: 'Object Repository/LoginManual/LOGIN' is clicked on

2019-08-22 11:14:59 - [TEST_STEP][PASSED] - delay(2): Delayed 2 second(s)

2019-08-22 11:15:01 - [MESSAGE][PASSED] - Delayed 2 second(s)

2019-08-22 11:15:01 - [TEST_STEP][PASSED] - click(findTestObject("Menu/clockMENU")): Object: 'Object Repository/Menu/clockMENU' is clicked on

2019-08-22 11:15:01 - [MESSAGE][PASSED] - Object: 'Object Repository/Menu/clockMENU' is clicked on]]></system-out>
         <system-err><![CDATA[]]></system-err>
      </testcase>
      <testcase name="Test Cases/Nucleo/Persona/Proveedor/ProveedorCrear" classname="Test Cases/Nucleo/Persona/Proveedor/ProveedorCrear" status="PASSED">
         <system-out><![CDATA[2019-08-22 11:15:01 - [TEST_CASE][PASSED] - Test Cases/Nucleo/Persona/Proveedor/ProveedorCrear: null]]></system-out>
         <system-err><![CDATA[]]></system-err>
      </testcase>
      <system-out><![CDATA[2019-08-22 11:14:54 - [TEST_SUITE][INCOMPLETE] - ProveedorCrear: null]]></system-out>
      <system-err><![CDATA[2019-08-22 11:14:54 - [TEST_SUITE][INCOMPLETE] - ProveedorCrear: null]]></system-err>
   </testsuite>
</testsuites>
